{"timestamp": "2026-02-04T20:59:49.964957", "level": "INFO", "logger": "test_context", "message": "Message with context", "module": "test_logging", "func": "test_logging_context_propagation", "line": 41, "trace_id": "unique-trace-123"}
{"timestamp": "2026-02-04T21:02:55.086236", "level": "CRITICAL", "logger": "config", "message": "File '.streamlit\\secrets.toml' non trovato. L'applicazione non pu\u00f2 partire.", "module": "config", "func": "<module>", "line": 20}
{"timestamp": "2026-02-04T21:03:30.995322", "level": "WARNING", "logger": "config", "message": "File '.streamlit\\secrets.toml' non trovato. Procedo con configurazione vuota per i test.", "module": "config", "func": "<module>", "line": 27}
{"timestamp": "2026-02-04T21:05:15.167750", "level": "WARNING", "logger": "config", "message": "File '.streamlit\\secrets.toml' non trovato. Procedo con configurazione vuota per i test.", "module": "config", "func": "<module>", "line": 27}
{"timestamp": "2026-02-04T21:05:19.009276", "level": "CRITICAL", "logger": "src.core.exceptions", "message": "Crash dell'applicazione rilevato in crash_func: Simulated Crash", "module": "exceptions", "func": "wrapper", "line": 25, "trace_id": "c5d4d4fc-92a2-4f4b-8ac1-00a52dc2674f", "exception": "Traceback (most recent call last):\n  File \"C:\\Users\\gianc\\Desktop\\SCRIPT\\report-attivita-app\\src\\core\\exceptions.py\", line 22, in wrapper\n    return func(*args, **kwargs)\n           ^^^^^^^^^^^^^^^^^^^^^\n  File \"C:\\Users\\gianc\\Desktop\\SCRIPT\\report-attivita-app\\tests\\unit\\core\\test_exceptions.py\", line 24, in crash_func\n    raise ValueError(\"Simulated Crash\")\nValueError: Simulated Crash"}
{"timestamp": "2026-02-04T21:05:20.293071", "level": "INFO", "logger": "test_context", "message": "Message with context", "module": "test_logging", "func": "test_logging_context_propagation", "line": 41, "trace_id": "unique-trace-123"}
{"timestamp": "2026-02-04T21:05:20.382650", "level": "INFO", "logger": "src.modules.notifications", "message": "Creazione notifica per 54321: Test Messaggio...", "module": "notifications", "func": "crea_notifica", "line": 39, "trace_id": null}
{"timestamp": "2026-02-04T21:05:20.386193", "level": "ERROR", "logger": "src.modules.notifications", "message": "Errore durante il caricamento notifiche per 12345: DB Down", "module": "notifications", "func": "leggi_notifiche", "line": 21, "trace_id": null}
{"timestamp": "2026-02-04T21:06:44.318385", "level": "WARNING", "logger": "config", "message": "File '.streamlit\\secrets.toml' non trovato. Procedo con configurazione vuota per i test.", "module": "config", "func": "<module>", "line": 27}
{"timestamp": "2026-02-04T21:06:50.813036", "level": "CRITICAL", "logger": "src.core.exceptions", "message": "Crash dell'applicazione rilevato in crash_func: Simulated Crash", "module": "exceptions", "func": "wrapper", "line": 25, "trace_id": "bbcdf89f-52ab-4ec6-acc4-183203e7c809", "exception": "Traceback (most recent call last):\n  File \"C:\\Users\\gianc\\Desktop\\SCRIPT\\report-attivita-app\\src\\core\\exceptions.py\", line 22, in wrapper\n    return func(*args, **kwargs)\n           ^^^^^^^^^^^^^^^^^^^^^\n  File \"C:\\Users\\gianc\\Desktop\\SCRIPT\\report-attivita-app\\tests\\unit\\core\\test_exceptions.py\", line 24, in crash_func\n    raise ValueError(\"Simulated Crash\")\nValueError: Simulated Crash"}
{"timestamp": "2026-02-04T21:06:52.054538", "level": "INFO", "logger": "test_context", "message": "Message with context", "module": "test_logging", "func": "test_logging_context_propagation", "line": 41, "trace_id": "unique-trace-123"}
{"timestamp": "2026-02-04T21:06:52.190921", "level": "INFO", "logger": "src.modules.notifications", "message": "Creazione notifica per 54321: Test Messaggio...", "module": "notifications", "func": "crea_notifica", "line": 39, "trace_id": null}
{"timestamp": "2026-02-04T21:06:52.195920", "level": "ERROR", "logger": "src.modules.notifications", "message": "Errore durante il caricamento notifiche per 12345: DB Down", "module": "notifications", "func": "leggi_notifiche", "line": 21, "trace_id": null}
{"timestamp": "2026-02-04T21:07:36.740896", "level": "WARNING", "logger": "config", "message": "File '.streamlit\\secrets.toml' non trovato. Procedo con configurazione vuota per i test.", "module": "config", "func": "<module>", "line": 27}
{"timestamp": "2026-02-04T21:07:43.438103", "level": "CRITICAL", "logger": "src.core.exceptions", "message": "Crash dell'applicazione rilevato in crash_func: Simulated Crash", "module": "exceptions", "func": "wrapper", "line": 25, "trace_id": "5517885c-38a3-4a90-a5f3-0301e0b68950", "exception": "Traceback (most recent call last):\n  File \"C:\\Users\\gianc\\Desktop\\SCRIPT\\report-attivita-app\\src\\core\\exceptions.py\", line 22, in wrapper\n    return func(*args, **kwargs)\n           ^^^^^^^^^^^^^^^^^^^^^\n  File \"C:\\Users\\gianc\\Desktop\\SCRIPT\\report-attivita-app\\tests\\unit\\core\\test_exceptions.py\", line 24, in crash_func\n    raise ValueError(\"Simulated Crash\")\nValueError: Simulated Crash"}
{"timestamp": "2026-02-04T21:07:44.435083", "level": "INFO", "logger": "test_context", "message": "Message with context", "module": "test_logging", "func": "test_logging_context_propagation", "line": 41, "trace_id": "unique-trace-123"}
{"timestamp": "2026-02-04T21:07:44.642459", "level": "INFO", "logger": "src.modules.email_sender", "message": "Processo email completato per: Oggetto Test", "module": "email_sender", "func": "_send_email_subprocess", "line": 38, "trace_id": null}
{"timestamp": "2026-02-04T21:07:44.701325", "level": "INFO", "logger": "src.modules.notifications", "message": "Creazione notifica per 54321: Test Messaggio...", "module": "notifications", "func": "crea_notifica", "line": 39, "trace_id": null}
{"timestamp": "2026-02-04T21:07:44.709151", "level": "ERROR", "logger": "src.modules.notifications", "message": "Errore durante il caricamento notifiche per 12345: DB Down", "module": "notifications", "func": "leggi_notifiche", "line": 21, "trace_id": null}
{"timestamp": "2026-02-04T21:07:44.825630", "level": "INFO", "logger": "src.modules.pdf_utils", "message": "PDF generato con successo: reports\\reperibilita_strumentale_gennaio_2025_ISAB_SUD.pdf", "module": "pdf_utils", "func": "generate_on_call_pdf", "line": 98, "trace_id": null}
{"timestamp": "2026-02-04T21:07:44.835691", "level": "ERROR", "logger": "src.modules.pdf_utils", "message": "Nome mese non valido: mesefinto", "module": "pdf_utils", "func": "generate_on_call_pdf", "line": 44, "trace_id": null}
{"timestamp": "2026-02-04T21:08:22.649740", "level": "WARNING", "logger": "config", "message": "File '.streamlit\\secrets.toml' non trovato. Procedo con configurazione vuota per i test.", "module": "config", "func": "<module>", "line": 27}
{"timestamp": "2026-02-04T21:08:28.583746", "level": "CRITICAL", "logger": "src.core.exceptions", "message": "Crash dell'applicazione rilevato in crash_func: Simulated Crash", "module": "exceptions", "func": "wrapper", "line": 25, "trace_id": "56766c2f-ff70-4455-ab1c-4ed2930c3dbf", "exception": "Traceback (most recent call last):\n  File \"C:\\Users\\gianc\\Desktop\\SCRIPT\\report-attivita-app\\src\\core\\exceptions.py\", line 22, in wrapper\n    return func(*args, **kwargs)\n           ^^^^^^^^^^^^^^^^^^^^^\n  File \"C:\\Users\\gianc\\Desktop\\SCRIPT\\report-attivita-app\\tests\\unit\\core\\test_exceptions.py\", line 24, in crash_func\n    raise ValueError(\"Simulated Crash\")\nValueError: Simulated Crash"}
{"timestamp": "2026-02-04T21:08:29.606587", "level": "INFO", "logger": "test_context", "message": "Message with context", "module": "test_logging", "func": "test_logging_context_propagation", "line": 41, "trace_id": "unique-trace-123"}
{"timestamp": "2026-02-04T21:08:29.846851", "level": "INFO", "logger": "src.modules.email_sender", "message": "Processo email completato per: Oggetto Test", "module": "email_sender", "func": "_send_email_subprocess", "line": 38, "trace_id": null}
{"timestamp": "2026-02-04T21:08:29.913610", "level": "INFO", "logger": "src.modules.notifications", "message": "Creazione notifica per 54321: Test Messaggio...", "module": "notifications", "func": "crea_notifica", "line": 39, "trace_id": null}
{"timestamp": "2026-02-04T21:08:29.919802", "level": "ERROR", "logger": "src.modules.notifications", "message": "Errore durante il caricamento notifiche per 12345: DB Down", "module": "notifications", "func": "leggi_notifiche", "line": 21, "trace_id": null}
{"timestamp": "2026-02-04T21:08:30.031924", "level": "INFO", "logger": "src.modules.pdf_utils", "message": "PDF generato con successo: reports\\reperibilita_strumentale_gennaio_2025_ISAB_SUD.pdf", "module": "pdf_utils", "func": "generate_on_call_pdf", "line": 98, "trace_id": null}
{"timestamp": "2026-02-04T21:08:30.039337", "level": "ERROR", "logger": "src.modules.pdf_utils", "message": "Nome mese non valido: mesefinto", "module": "pdf_utils", "func": "generate_on_call_pdf", "line": 44, "trace_id": null}
{"timestamp": "2026-02-04T21:09:04.900146", "level": "WARNING", "logger": "src.config", "message": "File '.streamlit\\secrets.toml' non trovato. Procedo con configurazione vuota per i test.", "module": "config", "func": "<module>", "line": 27}
{"timestamp": "2026-02-04T21:09:07.401028", "level": "WARNING", "logger": "config", "message": "File '.streamlit\\secrets.toml' non trovato. Procedo con configurazione vuota per i test.", "module": "config", "func": "<module>", "line": 27}
{"timestamp": "2026-02-04T21:09:14.112309", "level": "CRITICAL", "logger": "src.core.exceptions", "message": "Crash dell'applicazione rilevato in crash_func: Simulated Crash", "module": "exceptions", "func": "wrapper", "line": 25, "trace_id": "e69909ba-6372-4734-acce-e280a773903f", "exception": "Traceback (most recent call last):\n  File \"C:\\Users\\gianc\\Desktop\\SCRIPT\\report-attivita-app\\src\\core\\exceptions.py\", line 22, in wrapper\n    return func(*args, **kwargs)\n           ^^^^^^^^^^^^^^^^^^^^^\n  File \"C:\\Users\\gianc\\Desktop\\SCRIPT\\report-attivita-app\\tests\\unit\\core\\test_exceptions.py\", line 24, in crash_func\n    raise ValueError(\"Simulated Crash\")\nValueError: Simulated Crash"}
{"timestamp": "2026-02-04T21:09:14.201503", "level": "INFO", "logger": "test_context", "message": "Message with context", "module": "test_logging", "func": "test_logging_context_propagation", "line": 41, "trace_id": "unique-trace-123"}
{"timestamp": "2026-02-04T21:09:14.490182", "level": "INFO", "logger": "src.modules.email_sender", "message": "Processo email completato per: Oggetto Test", "module": "email_sender", "func": "_send_email_subprocess", "line": 38, "trace_id": null}
{"timestamp": "2026-02-04T21:09:14.547594", "level": "INFO", "logger": "src.modules.notifications", "message": "Creazione notifica per 54321: Test Messaggio...", "module": "notifications", "func": "crea_notifica", "line": 39, "trace_id": null}
{"timestamp": "2026-02-04T21:09:14.551264", "level": "ERROR", "logger": "src.modules.notifications", "message": "Errore durante il caricamento notifiche per 12345: DB Down", "module": "notifications", "func": "leggi_notifiche", "line": 21, "trace_id": null}
{"timestamp": "2026-02-04T21:09:14.658624", "level": "INFO", "logger": "src.modules.pdf_utils", "message": "PDF generato con successo: reports\\reperibilita_strumentale_gennaio_2025_ISAB_SUD.pdf", "module": "pdf_utils", "func": "generate_on_call_pdf", "line": 98, "trace_id": null}
{"timestamp": "2026-02-04T21:09:14.665444", "level": "ERROR", "logger": "src.modules.pdf_utils", "message": "Nome mese non valido: mesefinto", "module": "pdf_utils", "func": "generate_on_call_pdf", "line": 44, "trace_id": null}
{"timestamp": "2026-02-04T21:09:48.726960", "level": "WARNING", "logger": "src.config", "message": "File '.streamlit\\secrets.toml' non trovato. Procedo con configurazione vuota per i test.", "module": "config", "func": "<module>", "line": 27}
{"timestamp": "2026-02-04T21:09:51.315972", "level": "WARNING", "logger": "config", "message": "File '.streamlit\\secrets.toml' non trovato. Procedo con configurazione vuota per i test.", "module": "config", "func": "<module>", "line": 27}
{"timestamp": "2026-02-04T21:09:58.120813", "level": "CRITICAL", "logger": "src.core.exceptions", "message": "Crash dell'applicazione rilevato in crash_func: Simulated Crash", "module": "exceptions", "func": "wrapper", "line": 25, "trace_id": "9d385a87-b2c0-4bcd-9265-f2b6a72a7b8a", "exception": "Traceback (most recent call last):\n  File \"C:\\Users\\gianc\\Desktop\\SCRIPT\\report-attivita-app\\src\\core\\exceptions.py\", line 22, in wrapper\n    return func(*args, **kwargs)\n           ^^^^^^^^^^^^^^^^^^^^^\n  File \"C:\\Users\\gianc\\Desktop\\SCRIPT\\report-attivita-app\\tests\\unit\\core\\test_exceptions.py\", line 24, in crash_func\n    raise ValueError(\"Simulated Crash\")\nValueError: Simulated Crash"}
{"timestamp": "2026-02-04T21:09:58.196544", "level": "INFO", "logger": "test_context", "message": "Message with context", "module": "test_logging", "func": "test_logging_context_propagation", "line": 41, "trace_id": "unique-trace-123"}
{"timestamp": "2026-02-04T21:09:58.442358", "level": "INFO", "logger": "src.modules.email_sender", "message": "Processo email completato per: Oggetto Test", "module": "email_sender", "func": "_send_email_subprocess", "line": 38, "trace_id": null}
{"timestamp": "2026-02-04T21:09:58.511752", "level": "INFO", "logger": "src.modules.notifications", "message": "Creazione notifica per 54321: Test Messaggio...", "module": "notifications", "func": "crea_notifica", "line": 39, "trace_id": null}
{"timestamp": "2026-02-04T21:09:58.516872", "level": "ERROR", "logger": "src.modules.notifications", "message": "Errore durante il caricamento notifiche per 12345: DB Down", "module": "notifications", "func": "leggi_notifiche", "line": 21, "trace_id": null}
{"timestamp": "2026-02-04T21:09:58.700331", "level": "INFO", "logger": "src.modules.pdf_utils", "message": "PDF generato con successo: reports\\reperibilita_strumentale_gennaio_2025_ISAB_SUD.pdf", "module": "pdf_utils", "func": "generate_on_call_pdf", "line": 98, "trace_id": null}
{"timestamp": "2026-02-04T21:09:58.712292", "level": "ERROR", "logger": "src.modules.pdf_utils", "message": "Nome mese non valido: mesefinto", "module": "pdf_utils", "func": "generate_on_call_pdf", "line": 44, "trace_id": null}
{"timestamp": "2026-02-04T21:10:37.256806", "level": "WARNING", "logger": "src.config", "message": "File '.streamlit\\secrets.toml' non trovato. Procedo con configurazione vuota per i test.", "module": "config", "func": "<module>", "line": 27}
{"timestamp": "2026-02-04T21:10:40.730984", "level": "WARNING", "logger": "config", "message": "File '.streamlit\\secrets.toml' non trovato. Procedo con configurazione vuota per i test.", "module": "config", "func": "<module>", "line": 27}
{"timestamp": "2026-02-04T21:10:49.973576", "level": "CRITICAL", "logger": "src.core.exceptions", "message": "Crash dell'applicazione rilevato in crash_func: Simulated Crash", "module": "exceptions", "func": "wrapper", "line": 25, "trace_id": "2e09b1ab-6e18-4cd7-b9f4-aa9813949356", "exception": "Traceback (most recent call last):\n  File \"C:\\Users\\gianc\\Desktop\\SCRIPT\\report-attivita-app\\src\\core\\exceptions.py\", line 22, in wrapper\n    return func(*args, **kwargs)\n           ^^^^^^^^^^^^^^^^^^^^^\n  File \"C:\\Users\\gianc\\Desktop\\SCRIPT\\report-attivita-app\\tests\\unit\\core\\test_exceptions.py\", line 24, in crash_func\n    raise ValueError(\"Simulated Crash\")\nValueError: Simulated Crash"}
{"timestamp": "2026-02-04T21:10:50.085179", "level": "INFO", "logger": "test_context", "message": "Message with context", "module": "test_logging", "func": "test_logging_context_propagation", "line": 41, "trace_id": "unique-trace-123"}
{"timestamp": "2026-02-04T21:10:52.424174", "level": "INFO", "logger": "src.modules.email_sender", "message": "Processo email completato per: Oggetto Test", "module": "email_sender", "func": "_send_email_subprocess", "line": 38, "trace_id": null}
{"timestamp": "2026-02-04T21:10:52.507373", "level": "INFO", "logger": "src.modules.notifications", "message": "Creazione notifica per 54321: Test Messaggio...", "module": "notifications", "func": "crea_notifica", "line": 39, "trace_id": null}
{"timestamp": "2026-02-04T21:10:52.522020", "level": "ERROR", "logger": "src.modules.notifications", "message": "Errore durante il caricamento notifiche per 12345: DB Down", "module": "notifications", "func": "leggi_notifiche", "line": 21, "trace_id": null}
{"timestamp": "2026-02-04T21:10:52.676017", "level": "INFO", "logger": "src.modules.pdf_utils", "message": "PDF generato con successo: reports\\reperibilita_strumentale_gennaio_2025_ISAB_SUD.pdf", "module": "pdf_utils", "func": "generate_on_call_pdf", "line": 98, "trace_id": null}
{"timestamp": "2026-02-04T21:10:52.682570", "level": "ERROR", "logger": "src.modules.pdf_utils", "message": "Nome mese non valido: mesefinto", "module": "pdf_utils", "func": "generate_on_call_pdf", "line": 44, "trace_id": null}
{"timestamp": "2026-02-04T21:11:47.389715", "level": "WARNING", "logger": "src.config", "message": "File '.streamlit\\secrets.toml' non trovato. Procedo con configurazione vuota per i test.", "module": "config", "func": "<module>", "line": 27}
{"timestamp": "2026-02-04T21:11:51.254380", "level": "WARNING", "logger": "config", "message": "File '.streamlit\\secrets.toml' non trovato. Procedo con configurazione vuota per i test.", "module": "config", "func": "<module>", "line": 27}
{"timestamp": "2026-02-04T21:12:25.416060", "level": "WARNING", "logger": "src.config", "message": "File '.streamlit\\secrets.toml' non trovato. Procedo con configurazione vuota per i test.", "module": "config", "func": "<module>", "line": 27}
{"timestamp": "2026-02-04T21:12:27.911923", "level": "WARNING", "logger": "config", "message": "File '.streamlit\\secrets.toml' non trovato. Procedo con configurazione vuota per i test.", "module": "config", "func": "<module>", "line": 27}
{"timestamp": "2026-02-04T21:12:34.691488", "level": "CRITICAL", "logger": "src.core.exceptions", "message": "Crash dell'applicazione rilevato in crash_func: Simulated Crash", "module": "exceptions", "func": "wrapper", "line": 25, "trace_id": "cdc34048-e0a1-4e0a-901f-e5e91411cea0", "exception": "Traceback (most recent call last):\n  File \"C:\\Users\\gianc\\Desktop\\SCRIPT\\report-attivita-app\\src\\core\\exceptions.py\", line 22, in wrapper\n    return func(*args, **kwargs)\n           ^^^^^^^^^^^^^^^^^^^^^\n  File \"C:\\Users\\gianc\\Desktop\\SCRIPT\\report-attivita-app\\tests\\unit\\core\\test_exceptions.py\", line 24, in crash_func\n    raise ValueError(\"Simulated Crash\")\nValueError: Simulated Crash"}
{"timestamp": "2026-02-04T21:12:34.774217", "level": "INFO", "logger": "test_context", "message": "Message with context", "module": "test_logging", "func": "test_logging_context_propagation", "line": 41, "trace_id": "unique-trace-123"}
{"timestamp": "2026-02-04T21:12:35.059682", "level": "INFO", "logger": "src.modules.email_sender", "message": "Processo email completato per: Oggetto Test", "module": "email_sender", "func": "_send_email_subprocess", "line": 38, "trace_id": null}
{"timestamp": "2026-02-04T21:12:35.141782", "level": "INFO", "logger": "src.modules.notifications", "message": "Creazione notifica per 54321: Test Messaggio...", "module": "notifications", "func": "crea_notifica", "line": 39, "trace_id": null}
{"timestamp": "2026-02-04T21:12:35.146781", "level": "ERROR", "logger": "src.modules.notifications", "message": "Errore durante il caricamento notifiche per 12345: DB Down", "module": "notifications", "func": "leggi_notifiche", "line": 21, "trace_id": null}
{"timestamp": "2026-02-04T21:12:35.248077", "level": "INFO", "logger": "src.modules.pdf_utils", "message": "PDF generato con successo: reports\\reperibilita_strumentale_gennaio_2025_ISAB_SUD.pdf", "module": "pdf_utils", "func": "generate_on_call_pdf", "line": 98, "trace_id": null}
{"timestamp": "2026-02-04T21:12:35.256596", "level": "ERROR", "logger": "src.modules.pdf_utils", "message": "Nome mese non valido: mesefinto", "module": "pdf_utils", "func": "generate_on_call_pdf", "line": 44, "trace_id": null}
{"timestamp": "2026-02-04T21:13:22.810332", "level": "WARNING", "logger": "src.config", "message": "File '.streamlit\\secrets.toml' non trovato. Procedo con configurazione vuota per i test.", "module": "config", "func": "<module>", "line": 27}
{"timestamp": "2026-02-04T21:13:26.314762", "level": "WARNING", "logger": "config", "message": "File '.streamlit\\secrets.toml' non trovato. Procedo con configurazione vuota per i test.", "module": "config", "func": "<module>", "line": 27}
{"timestamp": "2026-02-04T21:13:35.927423", "level": "CRITICAL", "logger": "src.core.exceptions", "message": "Crash dell'applicazione rilevato in crash_func: Simulated Crash", "module": "exceptions", "func": "wrapper", "line": 25, "trace_id": "b31c16bb-31eb-421b-ad27-57f5112a787b", "exception": "Traceback (most recent call last):\n  File \"C:\\Users\\gianc\\Desktop\\SCRIPT\\report-attivita-app\\src\\core\\exceptions.py\", line 22, in wrapper\n    return func(*args, **kwargs)\n           ^^^^^^^^^^^^^^^^^^^^^\n  File \"C:\\Users\\gianc\\Desktop\\SCRIPT\\report-attivita-app\\tests\\unit\\core\\test_exceptions.py\", line 24, in crash_func\n    raise ValueError(\"Simulated Crash\")\nValueError: Simulated Crash"}
{"timestamp": "2026-02-04T21:13:36.031153", "level": "INFO", "logger": "test_context", "message": "Message with context", "module": "test_logging", "func": "test_logging_context_propagation", "line": 41, "trace_id": "unique-trace-123"}
{"timestamp": "2026-02-04T21:13:36.182410", "level": "INFO", "logger": "src.modules.email_sender", "message": "Processo email completato per: Oggetto Test", "module": "email_sender", "func": "_send_email_subprocess", "line": 38, "trace_id": null}
{"timestamp": "2026-02-04T21:13:36.285401", "level": "INFO", "logger": "src.modules.notifications", "message": "Creazione notifica per 54321: Test Messaggio...", "module": "notifications", "func": "crea_notifica", "line": 39, "trace_id": null}
{"timestamp": "2026-02-04T21:13:36.289425", "level": "ERROR", "logger": "src.modules.notifications", "message": "Errore durante il caricamento notifiche per 12345: DB Down", "module": "notifications", "func": "leggi_notifiche", "line": 21, "trace_id": null}
{"timestamp": "2026-02-04T21:13:36.433003", "level": "INFO", "logger": "src.modules.pdf_utils", "message": "PDF generato con successo: reports\\reperibilita_strumentale_gennaio_2025_ISAB_SUD.pdf", "module": "pdf_utils", "func": "generate_on_call_pdf", "line": 98, "trace_id": null}
{"timestamp": "2026-02-04T21:13:36.443763", "level": "ERROR", "logger": "src.modules.pdf_utils", "message": "Nome mese non valido: mesefinto", "module": "pdf_utils", "func": "generate_on_call_pdf", "line": 44, "trace_id": null}
{"timestamp": "2026-02-04T21:13:45.485153", "level": "INFO", "logger": "__main__", "message": "Email 'Nuovo Report da Validare da: Tecnico Test' inviata con successo.", "module": "send_email_subprocess", "func": "send_email", "line": 74}
{"timestamp": "2026-02-04T21:14:33.544518", "level": "WARNING", "logger": "src.config", "message": "File '.streamlit\\secrets.toml' non trovato. Procedo con configurazione vuota per i test.", "module": "config", "func": "<module>", "line": 27}
{"timestamp": "2026-02-04T21:14:37.423165", "level": "WARNING", "logger": "config", "message": "File '.streamlit\\secrets.toml' non trovato. Procedo con configurazione vuota per i test.", "module": "config", "func": "<module>", "line": 27}
{"timestamp": "2026-02-04T21:14:48.150268", "level": "CRITICAL", "logger": "src.core.exceptions", "message": "Crash dell'applicazione rilevato in crash_func: Simulated Crash", "module": "exceptions", "func": "wrapper", "line": 25, "trace_id": "1c9683cc-6d1d-4f6d-bab5-245373b97152", "exception": "Traceback (most recent call last):\n  File \"C:\\Users\\gianc\\Desktop\\SCRIPT\\report-attivita-app\\src\\core\\exceptions.py\", line 22, in wrapper\n    return func(*args, **kwargs)\n           ^^^^^^^^^^^^^^^^^^^^^\n  File \"C:\\Users\\gianc\\Desktop\\SCRIPT\\report-attivita-app\\tests\\unit\\core\\test_exceptions.py\", line 24, in crash_func\n    raise ValueError(\"Simulated Crash\")\nValueError: Simulated Crash"}
{"timestamp": "2026-02-04T21:14:48.422029", "level": "INFO", "logger": "test_context", "message": "Message with context", "module": "test_logging", "func": "test_logging_context_propagation", "line": 41, "trace_id": "unique-trace-123"}
{"timestamp": "2026-02-04T21:14:48.585815", "level": "INFO", "logger": "src.modules.email_sender", "message": "Processo email completato per: Oggetto Test", "module": "email_sender", "func": "_send_email_subprocess", "line": 38, "trace_id": null}
{"timestamp": "2026-02-04T21:14:48.716223", "level": "INFO", "logger": "src.modules.notifications", "message": "Creazione notifica per 123: Msg...", "module": "notifications", "func": "crea_notifica", "line": 39, "trace_id": null}
{"timestamp": "2026-02-04T21:14:48.934824", "level": "INFO", "logger": "src.modules.pdf_utils", "message": "PDF generato con successo: reports\\reperibilita_strumentale_gennaio_2025_ISAB_SUD.pdf", "module": "pdf_utils", "func": "generate_on_call_pdf", "line": 98, "trace_id": null}
{"timestamp": "2026-02-04T21:14:48.947964", "level": "ERROR", "logger": "src.modules.pdf_utils", "message": "Nome mese non valido: mesefinto", "module": "pdf_utils", "func": "generate_on_call_pdf", "line": 44, "trace_id": null}
{"timestamp": "2026-02-04T21:14:52.057433", "level": "INFO", "logger": "__main__", "message": "Email 'Nuovo Report da Validare da: Tecnico Test' inviata con successo.", "module": "send_email_subprocess", "func": "send_email", "line": 74}
{"timestamp": "2026-02-04T21:15:36.152992", "level": "WARNING", "logger": "src.config", "message": "File '.streamlit\\secrets.toml' non trovato. Procedo con configurazione vuota per i test.", "module": "config", "func": "<module>", "line": 27}
{"timestamp": "2026-02-04T21:15:39.642181", "level": "WARNING", "logger": "config", "message": "File '.streamlit\\secrets.toml' non trovato. Procedo con configurazione vuota per i test.", "module": "config", "func": "<module>", "line": 27}
{"timestamp": "2026-02-04T21:15:47.737190", "level": "CRITICAL", "logger": "src.core.exceptions", "message": "Crash dell'applicazione rilevato in crash_func: Simulated Crash", "module": "exceptions", "func": "wrapper", "line": 25, "trace_id": "754328f4-2d69-4a26-8c7c-5453b9f02a24", "exception": "Traceback (most recent call last):\n  File \"C:\\Users\\gianc\\Desktop\\SCRIPT\\report-attivita-app\\src\\core\\exceptions.py\", line 22, in wrapper\n    return func(*args, **kwargs)\n           ^^^^^^^^^^^^^^^^^^^^^\n  File \"C:\\Users\\gianc\\Desktop\\SCRIPT\\report-attivita-app\\tests\\unit\\core\\test_exceptions.py\", line 24, in crash_func\n    raise ValueError(\"Simulated Crash\")\nValueError: Simulated Crash"}
{"timestamp": "2026-02-04T21:15:49.293827", "level": "INFO", "logger": "test_context", "message": "Message with context", "module": "test_logging", "func": "test_logging_context_propagation", "line": 41, "trace_id": "unique-trace-123"}
{"timestamp": "2026-02-04T21:15:49.592138", "level": "INFO", "logger": "src.modules.email_sender", "message": "Processo email completato per: Oggetto Test", "module": "email_sender", "func": "_send_email_subprocess", "line": 38, "trace_id": null}
{"timestamp": "2026-02-04T21:15:49.711502", "level": "INFO", "logger": "src.modules.notifications", "message": "Creazione notifica per 123: Msg...", "module": "notifications", "func": "crea_notifica", "line": 39, "trace_id": null}
{"timestamp": "2026-02-04T21:15:49.917604", "level": "INFO", "logger": "src.modules.pdf_utils", "message": "PDF generato con successo: reports\\reperibilita_strumentale_gennaio_2025_ISAB_SUD.pdf", "module": "pdf_utils", "func": "generate_on_call_pdf", "line": 98, "trace_id": null}
{"timestamp": "2026-02-04T21:15:49.928877", "level": "ERROR", "logger": "src.modules.pdf_utils", "message": "Nome mese non valido: mesefinto", "module": "pdf_utils", "func": "generate_on_call_pdf", "line": 44, "trace_id": null}
{"timestamp": "2026-02-04T21:15:52.938022", "level": "INFO", "logger": "__main__", "message": "Email 'Nuovo Report da Validare da: Tecnico Test' inviata con successo.", "module": "send_email_subprocess", "func": "send_email", "line": 74}
{"timestamp": "2026-02-04T21:16:34.853780", "level": "WARNING", "logger": "src.config", "message": "File '.streamlit\\secrets.toml' non trovato. Procedo con configurazione vuota per i test.", "module": "config", "func": "<module>", "line": 27}
{"timestamp": "2026-02-04T21:16:38.291669", "level": "WARNING", "logger": "config", "message": "File '.streamlit\\secrets.toml' non trovato. Procedo con configurazione vuota per i test.", "module": "config", "func": "<module>", "line": 27}
{"timestamp": "2026-02-04T21:16:44.770576", "level": "CRITICAL", "logger": "src.core.exceptions", "message": "Crash dell'applicazione rilevato in crash_func: Simulated Crash", "module": "exceptions", "func": "wrapper", "line": 25, "trace_id": "5dcc8f4d-5ed3-45a2-b0d5-5a2701699123", "exception": "Traceback (most recent call last):\n  File \"C:\\Users\\gianc\\Desktop\\SCRIPT\\report-attivita-app\\src\\core\\exceptions.py\", line 22, in wrapper\n    return func(*args, **kwargs)\n           ^^^^^^^^^^^^^^^^^^^^^\n  File \"C:\\Users\\gianc\\Desktop\\SCRIPT\\report-attivita-app\\tests\\unit\\core\\test_exceptions.py\", line 24, in crash_func\n    raise ValueError(\"Simulated Crash\")\nValueError: Simulated Crash"}
{"timestamp": "2026-02-04T21:16:45.773506", "level": "INFO", "logger": "test_context", "message": "Message with context", "module": "test_logging", "func": "test_logging_context_propagation", "line": 41, "trace_id": "unique-trace-123"}
{"timestamp": "2026-02-04T21:16:46.077429", "level": "INFO", "logger": "src.modules.email_sender", "message": "Processo email completato per: Oggetto Test", "module": "email_sender", "func": "_send_email_subprocess", "line": 38, "trace_id": null}
{"timestamp": "2026-02-04T21:16:46.157786", "level": "INFO", "logger": "src.modules.notifications", "message": "Creazione notifica per 123: Msg...", "module": "notifications", "func": "crea_notifica", "line": 39, "trace_id": null}
{"timestamp": "2026-02-04T21:16:46.290974", "level": "INFO", "logger": "src.modules.pdf_utils", "message": "PDF generato con successo: reports\\reperibilita_strumentale_gennaio_2025_ISAB_SUD.pdf", "module": "pdf_utils", "func": "generate_on_call_pdf", "line": 98, "trace_id": null}
{"timestamp": "2026-02-04T21:16:46.298081", "level": "ERROR", "logger": "src.modules.pdf_utils", "message": "Nome mese non valido: mesefinto", "module": "pdf_utils", "func": "generate_on_call_pdf", "line": 44, "trace_id": null}
{"timestamp": "2026-02-04T21:16:49.208856", "level": "INFO", "logger": "__main__", "message": "Email 'Nuovo Report da Validare da: Tecnico Test' inviata con successo.", "module": "send_email_subprocess", "func": "send_email", "line": 74}
{"timestamp": "2026-02-04T21:17:26.083263", "level": "WARNING", "logger": "src.config", "message": "File '.streamlit\\secrets.toml' non trovato. Procedo con configurazione vuota per i test.", "module": "config", "func": "<module>", "line": 27}
{"timestamp": "2026-02-04T21:17:29.874167", "level": "WARNING", "logger": "config", "message": "File '.streamlit\\secrets.toml' non trovato. Procedo con configurazione vuota per i test.", "module": "config", "func": "<module>", "line": 27}
{"timestamp": "2026-02-04T21:17:38.007531", "level": "CRITICAL", "logger": "src.core.exceptions", "message": "Crash dell'applicazione rilevato in crash_func: Simulated Crash", "module": "exceptions", "func": "wrapper", "line": 25, "trace_id": "b1d77170-2b18-4288-a318-5591dcaed22a", "exception": "Traceback (most recent call last):\n  File \"C:\\Users\\gianc\\Desktop\\SCRIPT\\report-attivita-app\\src\\core\\exceptions.py\", line 22, in wrapper\n    return func(*args, **kwargs)\n           ^^^^^^^^^^^^^^^^^^^^^\n  File \"C:\\Users\\gianc\\Desktop\\SCRIPT\\report-attivita-app\\tests\\unit\\core\\test_exceptions.py\", line 24, in crash_func\n    raise ValueError(\"Simulated Crash\")\nValueError: Simulated Crash"}
{"timestamp": "2026-02-04T21:17:39.482262", "level": "INFO", "logger": "test_context", "message": "Message with context", "module": "test_logging", "func": "test_logging_context_propagation", "line": 41, "trace_id": "unique-trace-123"}
{"timestamp": "2026-02-04T21:17:39.775233", "level": "INFO", "logger": "src.modules.email_sender", "message": "Processo email completato per: Oggetto Test", "module": "email_sender", "func": "_send_email_subprocess", "line": 38, "trace_id": null}
{"timestamp": "2026-02-04T21:17:39.886147", "level": "INFO", "logger": "src.modules.notifications", "message": "Creazione notifica per 123: Msg...", "module": "notifications", "func": "crea_notifica", "line": 39, "trace_id": null}
{"timestamp": "2026-02-04T21:17:40.076629", "level": "INFO", "logger": "src.modules.pdf_utils", "message": "PDF generato con successo: reports\\reperibilita_strumentale_gennaio_2025_ISAB_SUD.pdf", "module": "pdf_utils", "func": "generate_on_call_pdf", "line": 98, "trace_id": null}
{"timestamp": "2026-02-04T21:17:40.087157", "level": "ERROR", "logger": "src.modules.pdf_utils", "message": "Nome mese non valido: mesefinto", "module": "pdf_utils", "func": "generate_on_call_pdf", "line": 44, "trace_id": null}
{"timestamp": "2026-02-04T21:17:42.877019", "level": "INFO", "logger": "__main__", "message": "Email 'Nuovo Report da Validare da: Tecnico Test' inviata con successo.", "module": "send_email_subprocess", "func": "send_email", "line": 74}
{"timestamp": "2026-02-04T21:19:05.705909", "level": "WARNING", "logger": "src.config", "message": "File '.streamlit\\secrets.toml' non trovato. Procedo con configurazione vuota per i test.", "module": "config", "func": "<module>", "line": 27}
{"timestamp": "2026-02-04T21:19:09.944567", "level": "WARNING", "logger": "config", "message": "File '.streamlit\\secrets.toml' non trovato. Procedo con configurazione vuota per i test.", "module": "config", "func": "<module>", "line": 27}
{"timestamp": "2026-02-04T21:19:17.916192", "level": "CRITICAL", "logger": "src.core.exceptions", "message": "Crash dell'applicazione rilevato in crash_func: Simulated Crash", "module": "exceptions", "func": "wrapper", "line": 25, "trace_id": "44ae9653-2c47-4e7b-b89b-536bef91e69d", "exception": "Traceback (most recent call last):\n  File \"C:\\Users\\gianc\\Desktop\\SCRIPT\\report-attivita-app\\src\\core\\exceptions.py\", line 22, in wrapper\n    return func(*args, **kwargs)\n           ^^^^^^^^^^^^^^^^^^^^^\n  File \"C:\\Users\\gianc\\Desktop\\SCRIPT\\report-attivita-app\\tests\\unit\\core\\test_exceptions.py\", line 24, in crash_func\n    raise ValueError(\"Simulated Crash\")\nValueError: Simulated Crash"}
{"timestamp": "2026-02-04T21:19:19.378265", "level": "INFO", "logger": "test_context", "message": "Message with context", "module": "test_logging", "func": "test_logging_context_propagation", "line": 41, "trace_id": "unique-trace-123"}
{"timestamp": "2026-02-04T21:19:19.677446", "level": "INFO", "logger": "src.modules.email_sender", "message": "Processo email completato per: Oggetto Test", "module": "email_sender", "func": "_send_email_subprocess", "line": 38, "trace_id": null}
{"timestamp": "2026-02-04T21:19:19.775007", "level": "INFO", "logger": "src.modules.notifications", "message": "Creazione notifica per 123: Msg...", "module": "notifications", "func": "crea_notifica", "line": 39, "trace_id": null}
{"timestamp": "2026-02-04T21:19:19.977512", "level": "INFO", "logger": "src.modules.pdf_utils", "message": "PDF generato con successo: reports\\reperibilita_strumentale_gennaio_2025_ISAB_SUD.pdf", "module": "pdf_utils", "func": "generate_on_call_pdf", "line": 98, "trace_id": null}
{"timestamp": "2026-02-04T21:19:19.988097", "level": "ERROR", "logger": "src.modules.pdf_utils", "message": "Nome mese non valido: mesefinto", "module": "pdf_utils", "func": "generate_on_call_pdf", "line": 44, "trace_id": null}
{"timestamp": "2026-02-04T21:19:22.913623", "level": "INFO", "logger": "__main__", "message": "Email 'Nuovo Report da Validare da: Tecnico Test' inviata con successo.", "module": "send_email_subprocess", "func": "send_email", "line": 74}
{"timestamp": "2026-02-04T21:19:50.733210", "level": "WARNING", "logger": "src.config", "message": "File '.streamlit\\secrets.toml' non trovato. Procedo con configurazione vuota per i test.", "module": "config", "func": "<module>", "line": 28}
{"timestamp": "2026-02-04T21:19:53.296460", "level": "WARNING", "logger": "config", "message": "File '.streamlit\\secrets.toml' non trovato. Procedo con configurazione vuota per i test.", "module": "config", "func": "<module>", "line": 28}
{"timestamp": "2026-02-04T21:19:59.360928", "level": "CRITICAL", "logger": "src.core.exceptions", "message": "Crash dell'applicazione rilevato in crash_func: Simulated Crash", "module": "exceptions", "func": "wrapper", "line": 27, "trace_id": "0411115d-e5e8-456a-af8f-ecf4457e70ce", "exception": "Traceback (most recent call last):\n  File \"C:\\Users\\gianc\\Desktop\\SCRIPT\\report-attivita-app\\src\\core\\exceptions.py\", line 24, in wrapper\n    return func(*args, **kwargs)\n           ^^^^^^^^^^^^^^^^^^^^^\n  File \"C:\\Users\\gianc\\Desktop\\SCRIPT\\report-attivita-app\\tests\\unit\\core\\test_exceptions.py\", line 24, in crash_func\n    raise ValueError(\"Simulated Crash\")\nValueError: Simulated Crash"}
{"timestamp": "2026-02-04T21:20:00.959984", "level": "INFO", "logger": "test_context", "message": "Message with context", "module": "test_logging", "func": "test_logging_context_propagation", "line": 43, "trace_id": "unique-trace-123"}
{"timestamp": "2026-02-04T21:20:01.472280", "level": "INFO", "logger": "src.modules.email_sender", "message": "Processo email completato per: Oggetto Test", "module": "email_sender", "func": "_send_email_subprocess", "line": 41, "trace_id": null}
{"timestamp": "2026-02-04T21:20:03.207849", "level": "INFO", "logger": "src.modules.pdf_utils", "message": "PDF generato con successo: reports\\reperibilita_strumentale_gennaio_2025_ISAB_SUD.pdf", "module": "pdf_utils", "func": "generate_on_call_pdf", "line": 97, "trace_id": null}
{"timestamp": "2026-02-04T21:20:03.216515", "level": "ERROR", "logger": "src.modules.pdf_utils", "message": "Nome mese non valido: mesefinto", "module": "pdf_utils", "func": "generate_on_call_pdf", "line": 43, "trace_id": null}
{"timestamp": "2026-02-04T21:20:05.313169", "level": "INFO", "logger": "__main__", "message": "Email 'Nuovo Report da Validare da: Tecnico Test' inviata con successo.", "module": "send_email_subprocess", "func": "send_email", "line": 74}
{"timestamp": "2026-02-04T21:20:35.552776", "level": "WARNING", "logger": "src.config", "message": "File '.streamlit\\secrets.toml' non trovato. Procedo con configurazione vuota per i test.", "module": "config", "func": "<module>", "line": 28}
{"timestamp": "2026-02-04T21:20:38.132089", "level": "WARNING", "logger": "config", "message": "File '.streamlit\\secrets.toml' non trovato. Procedo con configurazione vuota per i test.", "module": "config", "func": "<module>", "line": 28}
{"timestamp": "2026-02-04T21:20:44.349887", "level": "CRITICAL", "logger": "src.core.exceptions", "message": "Crash dell'applicazione rilevato in crash_func: Simulated Crash", "module": "exceptions", "func": "wrapper", "line": 29, "trace_id": "ae4b30f5-cb64-4ed9-97c1-a3bcfa758986", "exception": "Traceback (most recent call last):\n  File \"C:\\Users\\gianc\\Desktop\\SCRIPT\\report-attivita-app\\src\\core\\exceptions.py\", line 26, in wrapper\n    return func(*args, **kwargs)\n           ^^^^^^^^^^^^^^^^^^^^^\n  File \"C:\\Users\\gianc\\Desktop\\SCRIPT\\report-attivita-app\\tests\\unit\\core\\test_exceptions.py\", line 26, in crash_func\n    raise ValueError(\"Simulated Crash\")\nValueError: Simulated Crash"}
{"timestamp": "2026-02-04T21:20:45.328619", "level": "INFO", "logger": "test_context", "message": "Message with context", "module": "test_logging", "func": "test_logging_context_propagation", "line": 44, "trace_id": "unique-trace-123"}
{"timestamp": "2026-02-04T21:20:45.452947", "level": "INFO", "logger": "src.modules.email_sender", "message": "Processo email completato per: Oggetto Test", "module": "email_sender", "func": "_send_email_subprocess", "line": 41, "trace_id": null}
{"timestamp": "2026-02-04T21:20:45.531686", "level": "INFO", "logger": "src.modules.notifications", "message": "Creazione notifica per 123: Messaggio Test...", "module": "notifications", "func": "crea_notifica", "line": 44, "trace_id": null}
{"timestamp": "2026-02-04T21:20:45.649525", "level": "INFO", "logger": "src.modules.pdf_utils", "message": "PDF generato con successo: reports\\reperibilita_strumentale_gennaio_2025_ISAB_SUD.pdf", "module": "pdf_utils", "func": "generate_on_call_pdf", "line": 110, "trace_id": null}
{"timestamp": "2026-02-04T21:20:45.656025", "level": "ERROR", "logger": "src.modules.pdf_utils", "message": "Nome mese non valido: mesefinto", "module": "pdf_utils", "func": "generate_on_call_pdf", "line": 51, "trace_id": null}
{"timestamp": "2026-02-04T21:20:48.623265", "level": "INFO", "logger": "__main__", "message": "Email 'Nuovo Report da Validare da: Tecnico Test' inviata con successo.", "module": "send_email_subprocess", "func": "send_email", "line": 74}
{"timestamp": "2026-02-04T21:22:03.862463", "level": "WARNING", "logger": "src.config", "message": "File '.streamlit\\secrets.toml' non trovato. Procedo con configurazione vuota per i test.", "module": "config", "func": "<module>", "line": 28}
{"timestamp": "2026-02-04T21:22:06.361232", "level": "WARNING", "logger": "config", "message": "File '.streamlit\\secrets.toml' non trovato. Procedo con configurazione vuota per i test.", "module": "config", "func": "<module>", "line": 28}
{"timestamp": "2026-02-04T21:22:12.045017", "level": "CRITICAL", "logger": "src.core.exceptions", "message": "Crash dell'applicazione rilevato in crash_func: Simulated Crash", "module": "exceptions", "func": "wrapper", "line": 29, "trace_id": "4400490f-dffe-4456-b151-aa19eaee81f9", "exception": "Traceback (most recent call last):\n  File \"C:\\Users\\gianc\\Desktop\\SCRIPT\\report-attivita-app\\src\\core\\exceptions.py\", line 26, in wrapper\n    return func(*args, **kwargs)\n           ^^^^^^^^^^^^^^^^^^^^^\n  File \"C:\\Users\\gianc\\Desktop\\SCRIPT\\report-attivita-app\\tests\\unit\\core\\test_exceptions.py\", line 26, in crash_func\n    raise ValueError(\"Simulated Crash\")\nValueError: Simulated Crash"}
{"timestamp": "2026-02-04T21:22:13.078809", "level": "INFO", "logger": "test_context", "message": "Message with context", "module": "test_logging", "func": "test_logging_context_propagation", "line": 44, "trace_id": "unique-trace-123"}
{"timestamp": "2026-02-04T21:22:13.327920", "level": "INFO", "logger": "src.modules.email_sender", "message": "Processo email completato per: Oggetto Test", "module": "email_sender", "func": "_send_email_subprocess", "line": 41, "trace_id": null}
{"timestamp": "2026-02-04T21:22:13.429281", "level": "INFO", "logger": "src.modules.notifications", "message": "Creazione notifica per 123: Messaggio Test...", "module": "notifications", "func": "crea_notifica", "line": 44, "trace_id": null}
{"timestamp": "2026-02-04T21:22:13.532267", "level": "INFO", "logger": "src.modules.pdf_utils", "message": "PDF generato con successo: reports\\reperibilita_strumentale_gennaio_2025_ISAB_SUD.pdf", "module": "pdf_utils", "func": "generate_on_call_pdf", "line": 107, "trace_id": null}
{"timestamp": "2026-02-04T21:22:13.541465", "level": "ERROR", "logger": "src.modules.pdf_utils", "message": "Nome mese non valido: mesefinto", "module": "pdf_utils", "func": "generate_on_call_pdf", "line": 45, "trace_id": null}
{"timestamp": "2026-02-04T21:22:16.785010", "level": "INFO", "logger": "__main__", "message": "Email 'Nuovo Report da Validare da: Tecnico Test' inviata con successo.", "module": "send_email_subprocess", "func": "send_email", "line": 74}
